{"/Users/johnatanbotero/Master/toDoApp/toDoAppMobile/app/utils/randomToDo.js": {"path":"/Users/johnatanbotero/Master/toDoApp/toDoAppMobile/app/utils/randomToDo.js","statementMap":{"0":{"start":{"line":3,"column":30},"end":{"line":5,"column":1}},"1":{"start":{"line":4,"column":2},"end":{"line":4,"column":58}},"2":{"start":{"line":7,"column":16},"end":{"line":24,"column":1}},"3":{"start":{"line":25,"column":16},"end":{"line":25,"column":78}},"4":{"start":{"line":26,"column":16},"end":{"line":45,"column":1}},"5":{"start":{"line":47,"column":19},"end":{"line":49,"column":1}},"6":{"start":{"line":48,"column":2},"end":{"line":48,"column":55}},"7":{"start":{"line":51,"column":26},"end":{"line":65,"column":1}},"8":{"start":{"line":52,"column":13},"end":{"line":52,"column":15}},"9":{"start":{"line":54,"column":2},"end":{"line":62,"column":3}},"10":{"start":{"line":54,"column":15},"end":{"line":54,"column":16}},"11":{"start":{"line":55,"column":18},"end":{"line":55,"column":60}},"12":{"start":{"line":56,"column":4},"end":{"line":61,"column":7}},"13":{"start":{"line":64,"column":2},"end":{"line":64,"column":14}}},"fnMap":{"0":{"name":"(anonymous_0)","decl":{"start":{"line":3,"column":30},"end":{"line":3,"column":31}},"loc":{"start":{"line":3,"column":42},"end":{"line":5,"column":1}},"line":3},"1":{"name":"(anonymous_1)","decl":{"start":{"line":47,"column":19},"end":{"line":47,"column":20}},"loc":{"start":{"line":47,"column":29},"end":{"line":49,"column":1}},"line":47},"2":{"name":"(anonymous_2)","decl":{"start":{"line":51,"column":26},"end":{"line":51,"column":27}},"loc":{"start":{"line":51,"column":41},"end":{"line":65,"column":1}},"line":51}},"branchMap":{},"s":{"0":1,"1":20,"2":1,"3":1,"4":1,"5":1,"6":60,"7":1,"8":2,"9":2,"10":2,"11":20,"12":20,"13":2},"f":{"0":20,"1":60,"2":2},"b":{},"_coverageSchema":"1a1c01bbd47fc00a2c39e90264f33305004495a9","hash":"4f5b42e47d9a14dc8b3ea3d8a485f20c1267e615"}
}
