{"/Users/johnatanbotero/Master/toDoApp/toDoAppMobile/app/components/Text.js": {"path":"/Users/johnatanbotero/Master/toDoApp/toDoAppMobile/app/components/Text.js","statementMap":{"0":{"start":{"line":7,"column":24},"end":{"line":7,"column":28}},"1":{"start":{"line":8,"column":14},"end":{"line":8,"column":37}},"2":{"start":{"line":12,"column":15},"end":{"line":39,"column":2}},"3":{"start":{"line":42,"column":2},"end":{"line":42,"column":60}},"4":{"start":{"line":46,"column":2},"end":{"line":49,"column":58}},"5":{"start":{"line":47,"column":2},"end":{"line":49,"column":58}},"6":{"start":{"line":48,"column":2},"end":{"line":49,"column":58}},"7":{"start":{"line":49,"column":4},"end":{"line":49,"column":58}},"8":{"start":{"line":51,"column":0},"end":{"line":51,"column":51}},"9":{"start":{"line":52,"column":0},"end":{"line":52,"column":51}},"10":{"start":{"line":53,"column":0},"end":{"line":53,"column":51}},"11":{"start":{"line":54,"column":0},"end":{"line":54,"column":51}},"12":{"start":{"line":56,"column":0},"end":{"line":56,"column":56}},"13":{"start":{"line":59,"column":2},"end":{"line":66,"column":3}},"14":{"start":{"line":60,"column":20},"end":{"line":60,"column":32}},"15":{"start":{"line":61,"column":4},"end":{"line":65,"column":5}},"16":{"start":{"line":62,"column":6},"end":{"line":62,"column":65}},"17":{"start":{"line":64,"column":6},"end":{"line":64,"column":69}}},"fnMap":{"0":{"name":"Text","decl":{"start":{"line":41,"column":16},"end":{"line":41,"column":20}},"loc":{"start":{"line":41,"column":69},"end":{"line":43,"column":1}},"line":41},"1":{"name":"(anonymous_1)","decl":{"start":{"line":46,"column":2},"end":{"line":46,"column":3}},"loc":{"start":{"line":47,"column":2},"end":{"line":49,"column":58}},"line":47},"2":{"name":"(anonymous_2)","decl":{"start":{"line":47,"column":2},"end":{"line":47,"column":3}},"loc":{"start":{"line":48,"column":2},"end":{"line":49,"column":58}},"line":48},"3":{"name":"(anonymous_3)","decl":{"start":{"line":48,"column":2},"end":{"line":48,"column":3}},"loc":{"start":{"line":49,"column":4},"end":{"line":49,"column":58}},"line":49},"4":{"name":"normalize","decl":{"start":{"line":58,"column":16},"end":{"line":58,"column":25}},"loc":{"start":{"line":58,"column":40},"end":{"line":67,"column":1}},"line":58}},"branchMap":{"0":{"loc":{"start":{"line":59,"column":2},"end":{"line":66,"column":3}},"type":"if","locations":[{"start":{"line":59,"column":2},"end":{"line":66,"column":3}},{"start":{"line":59,"column":2},"end":{"line":66,"column":3}}],"line":59},"1":{"loc":{"start":{"line":61,"column":4},"end":{"line":65,"column":5}},"type":"if","locations":[{"start":{"line":61,"column":4},"end":{"line":65,"column":5}},{"start":{"line":61,"column":4},"end":{"line":65,"column":5}}],"line":61}},"s":{"0":2,"1":2,"2":2,"3":2,"4":2,"5":10,"6":10,"7":2,"8":2,"9":2,"10":2,"11":2,"12":2,"13":14,"14":14,"15":14,"16":14,"17":0},"f":{"0":2,"1":10,"2":10,"3":2,"4":14},"b":{"0":[14,0],"1":[14,0]},"_coverageSchema":"1a1c01bbd47fc00a2c39e90264f33305004495a9","hash":"9479d3de7b8ff3e55ee70860a7a9c89b6f3fd907"}
,"/Users/johnatanbotero/Master/toDoApp/toDoAppMobile/app/components/index.js": {"path":"/Users/johnatanbotero/Master/toDoApp/toDoAppMobile/app/components/index.js","statementMap":{},"fnMap":{},"branchMap":{},"s":{},"f":{},"b":{},"_coverageSchema":"1a1c01bbd47fc00a2c39e90264f33305004495a9","hash":"fe7905690b752df3e4b353469bd4afbfcc6986cc"}
,"/Users/johnatanbotero/Master/toDoApp/toDoAppMobile/app/components/ToDoItem/ToDoItem.js": {"path":"/Users/johnatanbotero/Master/toDoApp/toDoAppMobile/app/components/ToDoItem/ToDoItem.js","statementMap":{"0":{"start":{"line":13,"column":2},"end":{"line":20,"column":4}},"1":{"start":{"line":23,"column":15},"end":{"line":33,"column":2}}},"fnMap":{"0":{"name":"ToDoItem","decl":{"start":{"line":12,"column":16},"end":{"line":12,"column":24}},"loc":{"start":{"line":12,"column":51},"end":{"line":21,"column":1}},"line":12}},"branchMap":{},"s":{"0":1,"1":1},"f":{"0":1},"b":{},"_coverageSchema":"1a1c01bbd47fc00a2c39e90264f33305004495a9","hash":"7ebbf275b02fcc3f7f61acd6bfb350bb25e74197"}
,"/Users/johnatanbotero/Master/toDoApp/toDoAppMobile/app/components/ToDoItem/index.js": {"path":"/Users/johnatanbotero/Master/toDoApp/toDoAppMobile/app/components/ToDoItem/index.js","statementMap":{},"fnMap":{},"branchMap":{},"s":{},"f":{},"b":{},"_coverageSchema":"1a1c01bbd47fc00a2c39e90264f33305004495a9","hash":"5395f302c12a5fac627cd76e02eb74bb0751e9de"}
,"/Users/johnatanbotero/Master/toDoApp/toDoAppMobile/app/styles/colors.js": {"path":"/Users/johnatanbotero/Master/toDoApp/toDoAppMobile/app/styles/colors.js","statementMap":{"0":{"start":{"line":3,"column":16},"end":{"line":3,"column":25}},"1":{"start":{"line":4,"column":17},"end":{"line":4,"column":26}},"2":{"start":{"line":5,"column":13},"end":{"line":5,"column":22}},"3":{"start":{"line":6,"column":19},"end":{"line":6,"column":28}},"4":{"start":{"line":7,"column":14},"end":{"line":7,"column":20}},"5":{"start":{"line":8,"column":13},"end":{"line":8,"column":22}},"6":{"start":{"line":9,"column":22},"end":{"line":9,"column":31}},"7":{"start":{"line":11,"column":19},"end":{"line":13,"column":1}},"8":{"start":{"line":12,"column":2},"end":{"line":12,"column":40}},"9":{"start":{"line":14,"column":18},"end":{"line":16,"column":1}},"10":{"start":{"line":15,"column":2},"end":{"line":15,"column":34}},"11":{"start":{"line":17,"column":21},"end":{"line":19,"column":1}},"12":{"start":{"line":18,"column":2},"end":{"line":18,"column":39}},"13":{"start":{"line":21,"column":22},"end":{"line":32,"column":1}}},"fnMap":{"0":{"name":"(anonymous_0)","decl":{"start":{"line":11,"column":19},"end":{"line":11,"column":20}},"loc":{"start":{"line":11,"column":48},"end":{"line":13,"column":1}},"line":11},"1":{"name":"(anonymous_1)","decl":{"start":{"line":14,"column":18},"end":{"line":14,"column":19}},"loc":{"start":{"line":14,"column":47},"end":{"line":16,"column":1}},"line":14},"2":{"name":"(anonymous_2)","decl":{"start":{"line":17,"column":21},"end":{"line":17,"column":22}},"loc":{"start":{"line":17,"column":50},"end":{"line":19,"column":1}},"line":17}},"branchMap":{},"s":{"0":3,"1":3,"2":3,"3":3,"4":3,"5":3,"6":3,"7":3,"8":4,"9":3,"10":4,"11":3,"12":4,"13":3},"f":{"0":4,"1":4,"2":4},"b":{},"_coverageSchema":"1a1c01bbd47fc00a2c39e90264f33305004495a9","hash":"0c92ecad7dd4874012229eefb5e68c3a4f85896e"}
,"/Users/johnatanbotero/Master/toDoApp/toDoAppMobile/app/styles/index.js": {"path":"/Users/johnatanbotero/Master/toDoApp/toDoAppMobile/app/styles/index.js","statementMap":{},"fnMap":{},"branchMap":{},"s":{},"f":{},"b":{},"_coverageSchema":"1a1c01bbd47fc00a2c39e90264f33305004495a9","hash":"7bed15b0d6368247bce59c590fc1c9581345557e"}
,"/Users/johnatanbotero/Master/toDoApp/toDoAppMobile/app/styles/sizes.js": {"path":"/Users/johnatanbotero/Master/toDoApp/toDoAppMobile/app/styles/sizes.js","statementMap":{"0":{"start":{"line":5,"column":29},"end":{"line":5,"column":60}},"1":{"start":{"line":6,"column":28},"end":{"line":6,"column":58}},"2":{"start":{"line":7,"column":21},"end":{"line":7,"column":39}},"3":{"start":{"line":9,"column":20},"end":{"line":9,"column":46}},"4":{"start":{"line":11,"column":32},"end":{"line":11,"column":35}},"5":{"start":{"line":13,"column":23},"end":{"line":13,"column":39}},"6":{"start":{"line":15,"column":24},"end":{"line":15,"column":26}},"7":{"start":{"line":16,"column":23},"end":{"line":16,"column":25}},"8":{"start":{"line":17,"column":23},"end":{"line":17,"column":25}},"9":{"start":{"line":18,"column":22},"end":{"line":18,"column":24}},"10":{"start":{"line":19,"column":23},"end":{"line":19,"column":25}},"11":{"start":{"line":20,"column":23},"end":{"line":20,"column":25}},"12":{"start":{"line":21,"column":24},"end":{"line":21,"column":26}},"13":{"start":{"line":22,"column":22},"end":{"line":22,"column":24}},"14":{"start":{"line":23,"column":25},"end":{"line":23,"column":27}},"15":{"start":{"line":25,"column":17},"end":{"line":25,"column":19}},"16":{"start":{"line":27,"column":16},"end":{"line":33,"column":1}},"17":{"start":{"line":35,"column":21},"end":{"line":35,"column":23}},"18":{"start":{"line":37,"column":21},"end":{"line":42,"column":1}},"19":{"start":{"line":44,"column":24},"end":{"line":44,"column":26}},"20":{"start":{"line":45,"column":25},"end":{"line":45,"column":26}},"21":{"start":{"line":47,"column":26},"end":{"line":47,"column":27}},"22":{"start":{"line":48,"column":32},"end":{"line":48,"column":34}},"23":{"start":{"line":49,"column":29},"end":{"line":49,"column":30}},"24":{"start":{"line":50,"column":27},"end":{"line":50,"column":28}},"25":{"start":{"line":52,"column":21},"end":{"line":92,"column":1}}},"fnMap":{},"branchMap":{},"s":{"0":2,"1":2,"2":2,"3":2,"4":2,"5":2,"6":2,"7":2,"8":2,"9":2,"10":2,"11":2,"12":2,"13":2,"14":2,"15":2,"16":2,"17":2,"18":2,"19":2,"20":2,"21":2,"22":2,"23":2,"24":2,"25":2},"f":{},"b":{},"_coverageSchema":"1a1c01bbd47fc00a2c39e90264f33305004495a9","hash":"e7931a883b1bfac7b2c5c1819cec315d57aa9bb6"}
}
