TN:
SF:app/components/Text.js
FN:46,Text
FN:51,(anonymous_1)
FN:52,(anonymous_2)
FN:53,(anonymous_3)
FN:64,normalize
FNF:5
FNH:3
FNDA:0,Text
FNDA:6,(anonymous_1)
FNDA:6,(anonymous_2)
FNDA:0,(anonymous_3)
FNDA:15,normalize
DA:7,1
DA:8,1
DA:12,1
DA:47,0
DA:51,1
DA:52,6
DA:53,6
DA:54,0
DA:56,1
DA:57,1
DA:58,1
DA:59,1
DA:60,1
DA:62,1
DA:65,15
DA:66,11
DA:67,11
DA:68,9
DA:70,2
DA:73,4
LF:20
LH:18
BRDA:65,0,0,11
BRDA:65,0,1,4
BRDA:67,1,0,9
BRDA:67,1,1,2
BRF:4
BRH:4
end_of_record
TN:
SF:app/styles/colors.js
FN:11,(anonymous_0)
FN:14,(anonymous_1)
FN:17,(anonymous_2)
FNF:3
FNH:3
FNDA:4,(anonymous_0)
FNDA:4,(anonymous_1)
FNDA:4,(anonymous_2)
DA:3,2
DA:4,2
DA:5,2
DA:6,2
DA:7,2
DA:8,2
DA:9,2
DA:11,2
DA:12,4
DA:14,2
DA:15,4
DA:17,2
DA:18,4
DA:21,2
LF:14
LH:14
BRF:0
BRH:0
end_of_record
TN:
SF:app/styles/index.js
FNF:0
FNH:0
LF:0
LH:0
BRF:0
BRH:0
end_of_record
TN:
SF:app/styles/sizes.js
FNF:0
FNH:0
DA:5,1
DA:6,1
DA:7,1
DA:9,1
DA:11,1
DA:13,1
DA:15,1
DA:16,1
DA:17,1
DA:18,1
DA:19,1
DA:20,1
DA:21,1
DA:22,1
DA:23,1
DA:25,1
DA:27,1
DA:35,1
DA:37,1
DA:44,1
DA:45,1
DA:47,1
DA:48,1
DA:49,1
DA:50,1
DA:52,1
LF:26
LH:26
BRF:0
BRH:0
end_of_record
TN:
SF:app/utils/randomToDo.js
FN:3,(anonymous_0)
FN:47,(anonymous_1)
FN:51,(anonymous_2)
FNF:3
FNH:3
FNDA:20,(anonymous_0)
FNDA:60,(anonymous_1)
FNDA:2,(anonymous_2)
DA:3,1
DA:4,20
DA:7,1
DA:25,1
DA:26,1
DA:47,1
DA:48,60
DA:51,1
DA:52,2
DA:54,2
DA:55,20
DA:56,20
DA:64,2
LF:13
LH:13
BRF:0
BRH:0
end_of_record
