TN:
SF:app/components/Text.js
FN:41,Text
FN:46,(anonymous_1)
FN:47,(anonymous_2)
FN:48,(anonymous_3)
FN:58,normalize
FNF:5
FNH:5
FNDA:2,Text
FNDA:10,(anonymous_1)
FNDA:10,(anonymous_2)
FNDA:2,(anonymous_3)
FNDA:20,normalize
DA:7,2
DA:8,2
DA:12,2
DA:42,2
DA:46,2
DA:47,10
DA:48,10
DA:49,2
DA:51,2
DA:52,2
DA:53,2
DA:54,2
DA:56,2
DA:59,20
DA:60,16
DA:61,16
DA:62,14
DA:64,2
DA:67,4
LF:19
LH:19
BRDA:59,0,0,16
BRDA:59,0,1,4
BRDA:61,1,0,14
BRDA:61,1,1,2
BRF:4
BRH:4
end_of_record
TN:
SF:app/components/index.js
FNF:0
FNH:0
LF:0
LH:0
BRF:0
BRH:0
end_of_record
TN:
SF:app/components/ToDoItem/ToDoItem.js
FN:12,ToDoItem
FNF:1
FNH:1
FNDA:1,ToDoItem
DA:13,1
DA:23,1
LF:2
LH:2
BRF:0
BRH:0
end_of_record
TN:
SF:app/components/ToDoItem/index.js
FNF:0
FNH:0
LF:0
LH:0
BRF:0
BRH:0
end_of_record
TN:
SF:app/styles/colors.js
FN:11,(anonymous_0)
FN:14,(anonymous_1)
FN:17,(anonymous_2)
FNF:3
FNH:3
FNDA:4,(anonymous_0)
FNDA:4,(anonymous_1)
FNDA:4,(anonymous_2)
DA:3,3
DA:4,3
DA:5,3
DA:6,3
DA:7,3
DA:8,3
DA:9,3
DA:11,3
DA:12,4
DA:14,3
DA:15,4
DA:17,3
DA:18,4
DA:21,3
LF:14
LH:14
BRF:0
BRH:0
end_of_record
TN:
SF:app/styles/index.js
FNF:0
FNH:0
LF:0
LH:0
BRF:0
BRH:0
end_of_record
TN:
SF:app/styles/sizes.js
FNF:0
FNH:0
DA:5,2
DA:6,2
DA:7,2
DA:9,2
DA:11,2
DA:13,2
DA:15,2
DA:16,2
DA:17,2
DA:18,2
DA:19,2
DA:20,2
DA:21,2
DA:22,2
DA:23,2
DA:25,2
DA:27,2
DA:35,2
DA:37,2
DA:44,2
DA:45,2
DA:47,2
DA:48,2
DA:49,2
DA:50,2
DA:52,2
LF:26
LH:26
BRF:0
BRH:0
end_of_record
